  Application.cpp
  IndexBuffer.cpp
  Renderer.cpp
  Shader.cpp
  stb_image.cpp
  stb_image.h
  VertexArray.cpp
  VertexBuffer.cpp
  VertexBufferLayout.cpp
  Texture.cpp
C:\dev\LearnOpenGL\Project1\src\VertexArray.cpp(41,9): warning C4312: 'type cast': conversion from 'unsigned int' to 'void *' of greater size
x64\Release\stb_image.obj : warning LNK4042: object specified more than once; extras ignored
LINK : warning LNK4098: defaultlib 'LIBCMT' conflicts with use of other libs; use /NODEFAULTLIB:library
  Generating code
  Previous IPDB not found, fall back to full compilation.
C:\dev\LearnOpenGL\Project1\src\VertexBufferLayout.h(22): warning C4715: 'VertexBufferElement::GetTypeSize': not all control paths return a value
  All 559 functions were compiled because no usable IPDB/IOBJ from previous compilation was found.
  Finished generating code
glew32s.lib(glew.obj) : warning LNK4099: PDB 'vc120.pdb' was not found with 'glew32s.lib(glew.obj)' or at 'C:\dev\LearnOpenGL\x64\Release\vc120.pdb'; linking object as if no debug info
  Project1.vcxproj -> C:\dev\LearnOpenGL\x64\Release\Project1.exe
